<?xml version="1.0" encoding="UTF-8"?>
<testng-results skipped="0" failed="0" total="1" passed="1">
  <reporter-output>
  </reporter-output>
  <suite name="Default suite" duration-ms="51985" started-at="2015-02-07T14:26:59Z" finished-at="2015-02-07T14:27:51Z">
    <groups>
    </groups>
    <test name="Default test" duration-ms="51985" started-at="2015-02-07T14:26:59Z" finished-at="2015-02-07T14:27:51Z">
      <class name="test.TestAutoQALoginWithPageFactory">
        <test-method status="PASS" signature="setup()[pri:0, instance:test.TestAutoQALoginWithPageFactory@7907ec20]" name="setup" is-config="true" duration-ms="43283" started-at="2015-02-07T16:26:59Z" finished-at="2015-02-07T16:27:43Z">
          <reporter-output>
          </reporter-output>
        </test-method> <!-- setup -->
        <test-method status="PASS" signature="test_Home_Page_Appear_Correct()[pri:0, instance:test.TestAutoQALoginWithPageFactory@7907ec20]" name="test_Home_Page_Appear_Correct" duration-ms="8644" started-at="2015-02-07T16:27:43Z" finished-at="2015-02-07T16:27:51Z">
          <reporter-output>
          </reporter-output>
        </test-method> <!-- test_Home_Page_Appear_Correct -->
      </class> <!-- test.TestAutoQALoginWithPageFactory -->
    </test> <!-- Default test -->
  </suite> <!-- Default suite -->
</testng-results>
